<?xml version="1.0" encoding="UTF-8"?>
<!-- Generated by org.testng.reporters.JUnitReportReporter -->
<testsuite hostname="Udesk-160421" name="TestDemo" tests="1" failures="0" timestamp="29 Aug 2016 10:37:51 GMT" time="0.019" errors="0">
  <testcase name="testMain" time="0.019" classname="TestDemo"/>
</testsuite> <!-- TestDemo -->
